1658285861723	geckodriver	INFO	Listening on 127.0.0.1:50006
1658285865157	mozrunner::runner	INFO	Running command: "C:\\Program Files (x86)\\Mozilla Firefox\\firefox.exe" "--marionette" "--remote-debugging-port" "50007" "--remote-allow-hosts" "localhost" "-no-remote" "-profile" "C:\\Users\\JAKKUL~1\\AppData\\Local\\Temp\\rust_mozprofilecorI9u"
1658285867284	Marionette	INFO	Marionette enabled
1658285867293	Marionette	INFO	Listening on port 50017
Read port: 50017
WebDriver BiDi listening on ws://localhost:50007
1658285867631	RemoteAgent	WARN	TLS certificate errors will be ignored for this session
console.warn: SearchSettings: "get: No settings file exists, new profile?" (new NotFoundError("Could not open the file at C:\\Users\\JAKKUL~1\\AppData\\Local\\Temp\\rust_mozprofilecorI9u\\search.json.mozlz4", (void 0)))
DevTools listening on ws://localhost:50007/devtools/browser/620f36df-8869-4849-9527-1adbef7d2da3
1658285882906	Marionette	WARN	Ignoring event 'pageshow' because document has an invalid readyState of 'uninitialized'.
[2022-07-20T02:58:03Z ERROR mp4parse] Found 2 nul bytes in "\u{0}\u{0}"
[2022-07-20T02:58:03Z ERROR mp4parse] Found 2 nul bytes in "\u{0}\u{0}"
[2022-07-20T02:58:03Z ERROR mp4parse] Found 2 nul bytes in "\u{0}\u{0}"
[2022-07-20T02:58:03Z ERROR mp4parse] Found 2 nul bytes in "\u{0}\u{0}"
1658285888963	Marionette	INFO	Stopped listening on port 50017
console.warn: TopSitesFeed: Failed to fetch data from Contile server: NetworkError when attempting to fetch resource.
JavaScript error: chrome://remote/content/marionette/cert.js, line 55: NS_ERROR_NOT_AVAILABLE: Component returned failure code: 0x80040111 (NS_ERROR_NOT_AVAILABLE) [nsICertOverrideService.setDisableAllSecurityChecksAndLetAttackersInterceptMyData]
!!! error running onStopped callback: TypeError: callback is not a function
1658285889191	RemoteAgent	ERROR	unable to stop listener: [Exception... "Component returned failure code: 0x80040111 (NS_ERROR_NOT_AVAILABLE) [nsICertOverrideService.setDisableAllSecurityChecksAndLetAttackersInterceptMyData]"  nsresult: "0x80040111 (NS_ERROR_NOT_AVAILABLE)"  location: "JS frame :: chrome://remote/content/marionette/cert.js :: allowAllCerts.disable :: line 55"  data: no] Stack trace: allowAllCerts.disable()@cert.js:55
destroy()@Session.jsm:202
deleteSession()@WebDriverBiDi.jsm:143
stop()@WebDriverBiDi.jsm:218
observe()@resource://gre/modules/AsyncShutdown.jsm:575
1658285897699	geckodriver	INFO	Listening on 127.0.0.1:50075
1658285901115	mozrunner::runner	INFO	Running command: "C:\\Program Files (x86)\\Mozilla Firefox\\firefox.exe" "--marionette" "--remote-debugging-port" "50076" "--remote-allow-hosts" "localhost" "-no-remote" "-profile" "C:\\Users\\JAKKUL~1\\AppData\\Local\\Temp\\rust_mozprofilemhh3wj"
1658285901672	Marionette	INFO	Marionette enabled
1658285901679	Marionette	INFO	Listening on port 50085
WebDriver BiDi listening on ws://localhost:50076
Read port: 50085
1658285901888	RemoteAgent	WARN	TLS certificate errors will be ignored for this session
console.warn: SearchSettings: "get: No settings file exists, new profile?" (new NotFoundError("Could not open the file at C:\\Users\\JAKKUL~1\\AppData\\Local\\Temp\\rust_mozprofilemhh3wj\\search.json.mozlz4", (void 0)))
DevTools listening on ws://localhost:50076/devtools/browser/58d9c27b-95e4-4aa2-b860-eb67ef9a706a
1658285907089	Marionette	INFO	Stopped listening on port 50085
